[1013/231709:ERROR:renderer_main.cc(207)] Running without renderer sandbox
[1014/001448:ERROR:audio_low_latency_output_win.cc(181)] Bailing out due to non-perfect timing.  Buffer size of 480 is not an even divisor of 1056
[1014/002407:ERROR:audio_low_latency_output_win.cc(181)] Bailing out due to non-perfect timing.  Buffer size of 480 is not an even divisor of 1056
[1014/013353:WARNING:raw_channel_win.cc(473)] WriteFile: The pipe is being closed. (0xE8)
[1014/013353:WARNING:channel.cc(305)] RawChannel write error
[1014/013353:WARNING:message_in_transit_queue.cc(18)] Destroying nonempty message queue
[1014/013353:WARNING:message_in_transit_queue.cc(18)] Destroying nonempty message queue
[1014/013353:WARNING:message_in_transit_queue.cc(18)] Destroying nonempty message queue
[1014/013353:WARNING:message_in_transit_queue.cc(18)] Destroying nonempty message queue
[1014/013353:WARNING:message_in_transit_queue.cc(18)] Destroying nonempty message queue
[1014/013353:WARNING:message_in_transit_queue.cc(18)] Destroying nonempty message queue
[1014/013353:WARNING:message_in_transit_queue.cc(18)] Destroying nonempty message queue
[1014/013353:WARNING:message_in_transit_queue.cc(18)] Destroying nonempty message queue
[1014/013353:WARNING:message_in_transit_queue.cc(18)] Destroying nonempty message queue
[1014/013353:WARNING:message_in_transit_queue.cc(18)] Destroying nonempty message queue
[1014/013353:WARNING:message_in_transit_queue.cc(18)] Destroying nonempty message queue
[1014/013353:WARNING:message_in_transit_queue.cc(18)] Destroying nonempty message queue
[1014/013353:WARNING:message_in_transit_queue.cc(18)] Destroying nonempty message queue
[1014/013353:WARNING:message_in_transit_queue.cc(18)] Destroying nonempty message queue
[1014/013353:WARNING:message_in_transit_queue.cc(18)] Destroying nonempty message queue
[1014/013353:WARNING:message_in_transit_queue.cc(18)] Destroying nonempty message queue
[1014/013353:WARNING:message_in_transit_queue.cc(18)] Destroying nonempty message queue
[1014/013353:WARNING:message_in_transit_queue.cc(18)] Destroying nonempty message queue
[1014/013353:WARNING:message_in_transit_queue.cc(18)] Destroying nonempty message queue
[1014/013353:WARNING:message_in_transit_queue.cc(18)] Destroying nonempty message queue
[1014/013353:WARNING:message_in_transit_queue.cc(18)] Destroying nonempty message queue
[1014/013353:WARNING:message_in_transit_queue.cc(18)] Destroying nonempty message queue
[1014/013353:WARNING:message_in_transit_queue.cc(18)] Destroying nonempty message queue
[1014/013353:WARNING:message_in_transit_queue.cc(18)] Destroying nonempty message queue
[1014/013353:WARNING:message_in_transit_queue.cc(18)] Destroying nonempty message queue
[1014/013353:WARNING:message_in_transit_queue.cc(18)] Destroying nonempty message queue
[1014/013353:WARNING:message_in_transit_queue.cc(18)] Destroying nonempty message queue
[1014/013353:WARNING:message_in_transit_queue.cc(18)] Destroying nonempty message queue
[1014/013353:WARNING:message_in_transit_queue.cc(18)] Destroying nonempty message queue
[1014/013353:WARNING:message_in_transit_queue.cc(18)] Destroying nonempty message queue
[1014/013353:WARNING:message_in_transit_queue.cc(18)] Destroying nonempty message queue
[1014/192653:ERROR:renderer_main.cc(207)] Running without renderer sandbox
[1014/195033:ERROR:render_process_host_impl.cc(1429)] bad message 132567 terminating renderer.
[1014/195033:WARNING:message_in_transit_queue.cc(18)] Destroying nonempty message queue
[1014/195033:WARNING:message_in_transit_queue.cc(18)] Destroying nonempty message queue
[1014/195033:WARNING:message_in_transit_queue.cc(18)] Destroying nonempty message queue
[1014/195037:ERROR:renderer_main.cc(207)] Running without renderer sandbox
[1014/195048:ERROR:render_process_host_impl.cc(1429)] bad message 132567 terminating renderer.
[1014/195048:WARNING:message_in_transit_queue.cc(18)] Destroying nonempty message queue
[1014/195048:WARNING:message_in_transit_queue.cc(18)] Destroying nonempty message queue
[1014/195050:ERROR:renderer_main.cc(207)] Running without renderer sandbox
[1014/195713:ERROR:audio_low_latency_output_win.cc(181)] Bailing out due to non-perfect timing.  Buffer size of 480 is not an even divisor of 1056
[1014/204034:ERROR:audio_low_latency_output_win.cc(181)] Bailing out due to non-perfect timing.  Buffer size of 480 is not an even divisor of 1056
[1014/205344:WARNING:raw_channel_win.cc(473)] WriteFile: The pipe is being closed. (0xE8)
[1014/205344:WARNING:channel.cc(305)] RawChannel write error
[1014/205344:WARNING:message_in_transit_queue.cc(18)] Destroying nonempty message queue
[1014/205344:WARNING:message_in_transit_queue.cc(18)] Destroying nonempty message queue
[1014/205344:WARNING:message_in_transit_queue.cc(18)] Destroying nonempty message queue
[1014/205344:WARNING:message_in_transit_queue.cc(18)] Destroying nonempty message queue
[1014/205344:WARNING:message_in_transit_queue.cc(18)] Destroying nonempty message queue
[1014/205344:WARNING:message_in_transit_queue.cc(18)] Destroying nonempty message queue
[1014/205344:WARNING:message_in_transit_queue.cc(18)] Destroying nonempty message queue
[1014/205344:WARNING:message_in_transit_queue.cc(18)] Destroying nonempty message queue
[1014/205344:WARNING:message_in_transit_queue.cc(18)] Destroying nonempty message queue
[1014/205344:WARNING:message_in_transit_queue.cc(18)] Destroying nonempty message queue
[1014/205344:WARNING:message_in_transit_queue.cc(18)] Destroying nonempty message queue
[1014/205344:WARNING:message_in_transit_queue.cc(18)] Destroying nonempty message queue
[1014/205344:WARNING:message_in_transit_queue.cc(18)] Destroying nonempty message queue
[1014/205344:WARNING:message_in_transit_queue.cc(18)] Destroying nonempty message queue
[1014/205344:WARNING:message_in_transit_queue.cc(18)] Destroying nonempty message queue
[1014/205344:WARNING:message_in_transit_queue.cc(18)] Destroying nonempty message queue
[1014/205344:WARNING:message_in_transit_queue.cc(18)] Destroying nonempty message queue
[1014/205344:WARNING:message_in_transit_queue.cc(18)] Destroying nonempty message queue
[1014/205344:WARNING:message_in_transit_queue.cc(18)] Destroying nonempty message queue
[1014/205344:WARNING:message_in_transit_queue.cc(18)] Destroying nonempty message queue
[1014/205344:WARNING:message_in_transit_queue.cc(18)] Destroying nonempty message queue
[1014/205344:WARNING:message_in_transit_queue.cc(18)] Destroying nonempty message queue
[1014/205344:WARNING:message_in_transit_queue.cc(18)] Destroying nonempty message queue
[1014/205344:WARNING:message_in_transit_queue.cc(18)] Destroying nonempty message queue
[1014/205344:WARNING:message_in_transit_queue.cc(18)] Destroying nonempty message queue
[1014/205344:WARNING:message_in_transit_queue.cc(18)] Destroying nonempty message queue
[1014/205344:WARNING:message_in_transit_queue.cc(18)] Destroying nonempty message queue
[1014/205344:WARNING:message_in_transit_queue.cc(18)] Destroying nonempty message queue
[1014/205344:WARNING:message_in_transit_queue.cc(18)] Destroying nonempty message queue
[1014/205344:WARNING:message_in_transit_queue.cc(18)] Destroying nonempty message queue
[1014/205344:WARNING:message_in_transit_queue.cc(18)] Destroying nonempty message queue
[1014/205344:WARNING:message_in_transit_queue.cc(18)] Destroying nonempty message queue
[1014/205344:WARNING:message_in_transit_queue.cc(18)] Destroying nonempty message queue
[1014/205344:WARNING:message_in_transit_queue.cc(18)] Destroying nonempty message queue
[1014/205344:WARNING:message_in_transit_queue.cc(18)] Destroying nonempty message queue
[1014/205344:WARNING:message_in_transit_queue.cc(18)] Destroying nonempty message queue
[1014/205344:WARNING:message_in_transit_queue.cc(18)] Destroying nonempty message queue
[1014/205344:WARNING:message_in_transit_queue.cc(18)] Destroying nonempty message queue
[1014/205344:WARNING:message_in_transit_queue.cc(18)] Destroying nonempty message queue
[1014/205344:WARNING:message_in_transit_queue.cc(18)] Destroying nonempty message queue
[1014/205344:WARNING:message_in_transit_queue.cc(18)] Destroying nonempty message queue
[1014/205344:WARNING:message_in_transit_queue.cc(18)] Destroying nonempty message queue
[1014/205344:WARNING:message_in_transit_queue.cc(18)] Destroying nonempty message queue
[1014/205344:WARNING:message_in_transit_queue.cc(18)] Destroying nonempty message queue
[1014/205344:WARNING:message_in_transit_queue.cc(18)] Destroying nonempty message queue
[1014/205344:WARNING:message_in_transit_queue.cc(18)] Destroying nonempty message queue
[1014/205344:WARNING:message_in_transit_queue.cc(18)] Destroying nonempty message queue
[1014/205344:WARNING:message_in_transit_queue.cc(18)] Destroying nonempty message queue
[1014/205344:WARNING:message_in_transit_queue.cc(18)] Destroying nonempty message queue
[1014/205344:WARNING:message_in_transit_queue.cc(18)] Destroying nonempty message queue
[1014/205344:WARNING:message_in_transit_queue.cc(18)] Destroying nonempty message queue
[1014/205344:WARNING:message_in_transit_queue.cc(18)] Destroying nonempty message queue
[1014/205344:WARNING:message_in_transit_queue.cc(18)] Destroying nonempty message queue
[1014/205344:WARNING:message_in_transit_queue.cc(18)] Destroying nonempty message queue
[1014/205500:ERROR:renderer_main.cc(207)] Running without renderer sandbox
[1014/205503:ERROR:audio_low_latency_output_win.cc(181)] Bailing out due to non-perfect timing.  Buffer size of 480 is not an even divisor of 1056
[1014/205951:ERROR:audio_low_latency_output_win.cc(181)] Bailing out due to non-perfect timing.  Buffer size of 480 is not an even divisor of 1056
[1014/224410:WARNING:raw_channel_win.cc(473)] WriteFile: The pipe is being closed. (0xE8)
[1014/224410:WARNING:channel.cc(305)] RawChannel write error
[1014/224410:WARNING:message_in_transit_queue.cc(18)] Destroying nonempty message queue
[1014/224410:WARNING:message_in_transit_queue.cc(18)] Destroying nonempty message queue
[1014/224410:WARNING:message_in_transit_queue.cc(18)] Destroying nonempty message queue
[1014/224410:WARNING:message_in_transit_queue.cc(18)] Destroying nonempty message queue
[1014/224410:WARNING:message_in_transit_queue.cc(18)] Destroying nonempty message queue
[1014/224410:WARNING:message_in_transit_queue.cc(18)] Destroying nonempty message queue
[1014/224410:WARNING:message_in_transit_queue.cc(18)] Destroying nonempty message queue
[1014/224410:WARNING:message_in_transit_queue.cc(18)] Destroying nonempty message queue
[1014/224410:WARNING:message_in_transit_queue.cc(18)] Destroying nonempty message queue
[1014/224410:WARNING:message_in_transit_queue.cc(18)] Destroying nonempty message queue
[1014/224410:WARNING:message_in_transit_queue.cc(18)] Destroying nonempty message queue
[1014/224410:WARNING:message_in_transit_queue.cc(18)] Destroying nonempty message queue
[1014/224410:WARNING:message_in_transit_queue.cc(18)] Destroying nonempty message queue
[1014/224410:WARNING:message_in_transit_queue.cc(18)] Destroying nonempty message queue
[1014/224410:WARNING:message_in_transit_queue.cc(18)] Destroying nonempty message queue
[1014/224410:WARNING:message_in_transit_queue.cc(18)] Destroying nonempty message queue
[1014/224410:WARNING:message_in_transit_queue.cc(18)] Destroying nonempty message queue
[1014/224410:WARNING:message_in_transit_queue.cc(18)] Destroying nonempty message queue
[1014/224410:WARNING:message_in_transit_queue.cc(18)] Destroying nonempty message queue
[1014/224410:WARNING:message_in_transit_queue.cc(18)] Destroying nonempty message queue
[1014/224410:WARNING:message_in_transit_queue.cc(18)] Destroying nonempty message queue
[1014/224410:WARNING:message_in_transit_queue.cc(18)] Destroying nonempty message queue
[1014/224410:WARNING:message_in_transit_queue.cc(18)] Destroying nonempty message queue
[1014/224410:WARNING:message_in_transit_queue.cc(18)] Destroying nonempty message queue
[1014/224410:WARNING:message_in_transit_queue.cc(18)] Destroying nonempty message queue
[1014/224410:WARNING:message_in_transit_queue.cc(18)] Destroying nonempty message queue
[1014/224410:WARNING:message_in_transit_queue.cc(18)] Destroying nonempty message queue
[1014/224410:WARNING:message_in_transit_queue.cc(18)] Destroying nonempty message queue
[1014/224410:WARNING:message_in_transit_queue.cc(18)] Destroying nonempty message queue
[1014/224410:WARNING:message_in_transit_queue.cc(18)] Destroying nonempty message queue
[1014/224410:WARNING:message_in_transit_queue.cc(18)] Destroying nonempty message queue
[1014/224410:WARNING:message_in_transit_queue.cc(18)] Destroying nonempty message queue
[1014/224410:WARNING:message_in_transit_queue.cc(18)] Destroying nonempty message queue
[1014/224410:WARNING:message_in_transit_queue.cc(18)] Destroying nonempty message queue
[1014/224410:WARNING:message_in_transit_queue.cc(18)] Destroying nonempty message queue
[1014/224410:WARNING:message_in_transit_queue.cc(18)] Destroying nonempty message queue
[1014/224410:WARNING:message_in_transit_queue.cc(18)] Destroying nonempty message queue
[1014/224410:WARNING:message_in_transit_queue.cc(18)] Destroying nonempty message queue
[1014/224410:WARNING:message_in_transit_queue.cc(18)] Destroying nonempty message queue
[1014/224410:WARNING:message_in_transit_queue.cc(18)] Destroying nonempty message queue
[1014/224410:WARNING:message_in_transit_queue.cc(18)] Destroying nonempty message queue
[1014/224410:WARNING:message_in_transit_queue.cc(18)] Destroying nonempty message queue
[1014/224410:WARNING:message_in_transit_queue.cc(18)] Destroying nonempty message queue
[1014/224410:WARNING:message_in_transit_queue.cc(18)] Destroying nonempty message queue
[1014/224410:WARNING:message_in_transit_queue.cc(18)] Destroying nonempty message queue
[1014/224410:WARNING:message_in_transit_queue.cc(18)] Destroying nonempty message queue
[1014/224410:WARNING:message_in_transit_queue.cc(18)] Destroying nonempty message queue
[1014/224410:WARNING:message_in_transit_queue.cc(18)] Destroying nonempty message queue
[1014/224410:WARNING:message_in_transit_queue.cc(18)] Destroying nonempty message queue
[1014/224410:WARNING:message_in_transit_queue.cc(18)] Destroying nonempty message queue
[1014/224410:WARNING:message_in_transit_queue.cc(18)] Destroying nonempty message queue
[1014/224410:WARNING:message_in_transit_queue.cc(18)] Destroying nonempty message queue
[1014/224410:WARNING:message_in_transit_queue.cc(18)] Destroying nonempty message queue
[1014/224410:WARNING:message_in_transit_queue.cc(18)] Destroying nonempty message queue
[1014/224410:WARNING:message_in_transit_queue.cc(18)] Destroying nonempty message queue
[1014/224410:WARNING:message_in_transit_queue.cc(18)] Destroying nonempty message queue
[1014/224410:WARNING:message_in_transit_queue.cc(18)] Destroying nonempty message queue
[1014/224410:WARNING:message_in_transit_queue.cc(18)] Destroying nonempty message queue
[1014/224410:WARNING:message_in_transit_queue.cc(18)] Destroying nonempty message queue
[1014/224410:WARNING:message_in_transit_queue.cc(18)] Destroying nonempty message queue
[1014/224410:WARNING:message_in_transit_queue.cc(18)] Destroying nonempty message queue
[1014/224410:WARNING:message_in_transit_queue.cc(18)] Destroying nonempty message queue
[1014/224410:WARNING:message_in_transit_queue.cc(18)] Destroying nonempty message queue
[1014/224410:WARNING:message_in_transit_queue.cc(18)] Destroying nonempty message queue
[1014/224410:WARNING:message_in_transit_queue.cc(18)] Destroying nonempty message queue
[1014/224410:WARNING:message_in_transit_queue.cc(18)] Destroying nonempty message queue
[1014/224410:WARNING:message_in_transit_queue.cc(18)] Destroying nonempty message queue
[1014/224410:WARNING:message_in_transit_queue.cc(18)] Destroying nonempty message queue
[1014/224410:WARNING:message_in_transit_queue.cc(18)] Destroying nonempty message queue
[1014/224410:WARNING:message_in_transit_queue.cc(18)] Destroying nonempty message queue
[1014/224410:WARNING:message_in_transit_queue.cc(18)] Destroying nonempty message queue
[1014/224410:WARNING:message_in_transit_queue.cc(18)] Destroying nonempty message queue
[1014/224410:WARNING:message_in_transit_queue.cc(18)] Destroying nonempty message queue
[1014/224410:WARNING:message_in_transit_queue.cc(18)] Destroying nonempty message queue
[1014/224410:WARNING:message_in_transit_queue.cc(18)] Destroying nonempty message queue
[1014/224410:WARNING:message_in_transit_queue.cc(18)] Destroying nonempty message queue
[1014/224410:WARNING:message_in_transit_queue.cc(18)] Destroying nonempty message queue
[1014/224410:WARNING:message_in_transit_queue.cc(18)] Destroying nonempty message queue
[1014/224410:WARNING:message_in_transit_queue.cc(18)] Destroying nonempty message queue
[1014/224410:WARNING:message_in_transit_queue.cc(18)] Destroying nonempty message queue
[1014/224410:WARNING:message_in_transit_queue.cc(18)] Destroying nonempty message queue
[1014/224410:WARNING:message_in_transit_queue.cc(18)] Destroying nonempty message queue
[1014/224410:WARNING:message_in_transit_queue.cc(18)] Destroying nonempty message queue
[1014/224410:WARNING:message_in_transit_queue.cc(18)] Destroying nonempty message queue
[1014/224410:WARNING:message_in_transit_queue.cc(18)] Destroying nonempty message queue
[1014/224410:WARNING:message_in_transit_queue.cc(18)] Destroying nonempty message queue
[1014/224410:WARNING:message_in_transit_queue.cc(18)] Destroying nonempty message queue
[1014/224410:WARNING:message_in_transit_queue.cc(18)] Destroying nonempty message queue
[1014/224410:WARNING:message_in_transit_queue.cc(18)] Destroying nonempty message queue
[1014/224410:WARNING:message_in_transit_queue.cc(18)] Destroying nonempty message queue
[1014/224410:WARNING:message_in_transit_queue.cc(18)] Destroying nonempty message queue
[1014/224410:WARNING:message_in_transit_queue.cc(18)] Destroying nonempty message queue
[1014/224410:WARNING:message_in_transit_queue.cc(18)] Destroying nonempty message queue
[1014/224410:WARNING:message_in_transit_queue.cc(18)] Destroying nonempty message queue
[1014/224410:WARNING:message_in_transit_queue.cc(18)] Destroying nonempty message queue
[1014/224410:WARNING:message_in_transit_queue.cc(18)] Destroying nonempty message queue
[1014/224410:WARNING:message_in_transit_queue.cc(18)] Destroying nonempty message queue
[1014/224410:WARNING:message_in_transit_queue.cc(18)] Destroying nonempty message queue
[1014/224410:WARNING:message_in_transit_queue.cc(18)] Destroying nonempty message queue
[1014/224410:WARNING:message_in_transit_queue.cc(18)] Destroying nonempty message queue
[1014/224410:WARNING:message_in_transit_queue.cc(18)] Destroying nonempty message queue
[1014/224410:WARNING:message_in_transit_queue.cc(18)] Destroying nonempty message queue
[1014/224410:WARNING:message_in_transit_queue.cc(18)] Destroying nonempty message queue
[1014/224410:WARNING:message_in_transit_queue.cc(18)] Destroying nonempty message queue
[1014/224410:WARNING:message_in_transit_queue.cc(18)] Destroying nonempty message queue
[1014/224410:WARNING:message_in_transit_queue.cc(18)] Destroying nonempty message queue
[1014/224410:WARNING:message_in_transit_queue.cc(18)] Destroying nonempty message queue
[1014/224410:WARNING:message_in_transit_queue.cc(18)] Destroying nonempty message queue
[1014/224410:WARNING:message_in_transit_queue.cc(18)] Destroying nonempty message queue
[1014/224410:WARNING:message_in_transit_queue.cc(18)] Destroying nonempty message queue
[1014/224410:WARNING:message_in_transit_queue.cc(18)] Destroying nonempty message queue
[1014/224410:WARNING:message_in_transit_queue.cc(18)] Destroying nonempty message queue
[1014/224410:WARNING:message_in_transit_queue.cc(18)] Destroying nonempty message queue
[1014/224410:WARNING:message_in_transit_queue.cc(18)] Destroying nonempty message queue
[1014/224410:WARNING:message_in_transit_queue.cc(18)] Destroying nonempty message queue
[1014/224410:WARNING:message_in_transit_queue.cc(18)] Destroying nonempty message queue
[1014/224410:WARNING:message_in_transit_queue.cc(18)] Destroying nonempty message queue
[1014/224410:WARNING:message_in_transit_queue.cc(18)] Destroying nonempty message queue
[1014/224410:WARNING:message_in_transit_queue.cc(18)] Destroying nonempty message queue
[1014/224410:WARNING:message_in_transit_queue.cc(18)] Destroying nonempty message queue
[1014/224410:WARNING:message_in_transit_queue.cc(18)] Destroying nonempty message queue
[1014/224410:WARNING:message_in_transit_queue.cc(18)] Destroying nonempty message queue
[1014/224410:WARNING:message_in_transit_queue.cc(18)] Destroying nonempty message queue
[1014/224410:WARNING:message_in_transit_queue.cc(18)] Destroying nonempty message queue
[1014/224410:WARNING:message_in_transit_queue.cc(18)] Destroying nonempty message queue
[1014/224410:WARNING:message_in_transit_queue.cc(18)] Destroying nonempty message queue
[1014/224410:WARNING:message_in_transit_queue.cc(18)] Destroying nonempty message queue
[1014/224410:WARNING:message_in_transit_queue.cc(18)] Destroying nonempty message queue
[1014/224410:WARNING:message_in_transit_queue.cc(18)] Destroying nonempty message queue
[1014/224410:WARNING:message_in_transit_queue.cc(18)] Destroying nonempty message queue
[1014/224410:WARNING:message_in_transit_queue.cc(18)] Destroying nonempty message queue
[1014/224410:WARNING:message_in_transit_queue.cc(18)] Destroying nonempty message queue
[1014/224410:WARNING:message_in_transit_queue.cc(18)] Destroying nonempty message queue
[1014/224410:WARNING:message_in_transit_queue.cc(18)] Destroying nonempty message queue
[1014/224410:WARNING:message_in_transit_queue.cc(18)] Destroying nonempty message queue
[1014/224410:WARNING:message_in_transit_queue.cc(18)] Destroying nonempty message queue
[1014/224410:WARNING:message_in_transit_queue.cc(18)] Destroying nonempty message queue
[1014/224410:WARNING:message_in_transit_queue.cc(18)] Destroying nonempty message queue
[1014/224410:WARNING:message_in_transit_queue.cc(18)] Destroying nonempty message queue
[1014/224410:WARNING:message_in_transit_queue.cc(18)] Destroying nonempty message queue
[1014/224410:WARNING:message_in_transit_queue.cc(18)] Destroying nonempty message queue
[1014/224410:WARNING:message_in_transit_queue.cc(18)] Destroying nonempty message queue
[1014/224410:WARNING:message_in_transit_queue.cc(18)] Destroying nonempty message queue
[1014/224410:WARNING:message_in_transit_queue.cc(18)] Destroying nonempty message queue
[1014/224410:WARNING:message_in_transit_queue.cc(18)] Destroying nonempty message queue
[1014/224410:WARNING:message_in_transit_queue.cc(18)] Destroying nonempty message queue
[1014/224410:WARNING:message_in_transit_queue.cc(18)] Destroying nonempty message queue
[1014/224410:WARNING:message_in_transit_queue.cc(18)] Destroying nonempty message queue
[1014/224410:WARNING:message_in_transit_queue.cc(18)] Destroying nonempty message queue
[1014/224410:WARNING:message_in_transit_queue.cc(18)] Destroying nonempty message queue
[1014/224410:WARNING:message_in_transit_queue.cc(18)] Destroying nonempty message queue
[1014/224410:WARNING:message_in_transit_queue.cc(18)] Destroying nonempty message queue
[1014/224410:WARNING:message_in_transit_queue.cc(18)] Destroying nonempty message queue
[1014/224410:WARNING:message_in_transit_queue.cc(18)] Destroying nonempty message queue
[1014/224410:WARNING:message_in_transit_queue.cc(18)] Destroying nonempty message queue
[1014/224410:WARNING:message_in_transit_queue.cc(18)] Destroying nonempty message queue
[1014/224410:WARNING:message_in_transit_queue.cc(18)] Destroying nonempty message queue
[1014/224410:WARNING:message_in_transit_queue.cc(18)] Destroying nonempty message queue
[1014/224410:WARNING:message_in_transit_queue.cc(18)] Destroying nonempty message queue
[1014/233624:ERROR:renderer_main.cc(207)] Running without renderer sandbox
[1014/233641:WARNING:message_in_transit_queue.cc(18)] Destroying nonempty message queue
[1014/233641:WARNING:message_in_transit_queue.cc(18)] Destroying nonempty message queue
[1014/233706:ERROR:renderer_main.cc(207)] Running without renderer sandbox
[1014/233709:ERROR:audio_low_latency_output_win.cc(181)] Bailing out due to non-perfect timing.  Buffer size of 480 is not an even divisor of 1056
[1014/234012:ERROR:audio_low_latency_output_win.cc(181)] Bailing out due to non-perfect timing.  Buffer size of 480 is not an even divisor of 1056
[1014/234843:WARNING:message_in_transit_queue.cc(18)] Destroying nonempty message queue
[1014/234843:WARNING:message_in_transit_queue.cc(18)] Destroying nonempty message queue
[1014/234843:WARNING:message_in_transit_queue.cc(18)] Destroying nonempty message queue
[1014/234843:WARNING:message_in_transit_queue.cc(18)] Destroying nonempty message queue
[1014/234843:WARNING:message_in_transit_queue.cc(18)] Destroying nonempty message queue
[1014/234843:WARNING:message_in_transit_queue.cc(18)] Destroying nonempty message queue
[1014/234843:WARNING:message_in_transit_queue.cc(18)] Destroying nonempty message queue
[1014/234843:WARNING:message_in_transit_queue.cc(18)] Destroying nonempty message queue
[1014/234843:WARNING:message_in_transit_queue.cc(18)] Destroying nonempty message queue
[1014/234843:WARNING:message_in_transit_queue.cc(18)] Destroying nonempty message queue
[1014/234843:WARNING:message_in_transit_queue.cc(18)] Destroying nonempty message queue
[1014/234843:WARNING:message_in_transit_queue.cc(18)] Destroying nonempty message queue
[1014/234843:WARNING:message_in_transit_queue.cc(18)] Destroying nonempty message queue
[1014/234843:WARNING:message_in_transit_queue.cc(18)] Destroying nonempty message queue
[1014/234843:WARNING:message_in_transit_queue.cc(18)] Destroying nonempty message queue
[1014/234843:WARNING:message_in_transit_queue.cc(18)] Destroying nonempty message queue
[1014/234843:WARNING:message_in_transit_queue.cc(18)] Destroying nonempty message queue
[1014/234843:WARNING:message_in_transit_queue.cc(18)] Destroying nonempty message queue
[1014/234843:WARNING:message_in_transit_queue.cc(18)] Destroying nonempty message queue
[1014/234843:WARNING:message_in_transit_queue.cc(18)] Destroying nonempty message queue
[1014/234843:WARNING:message_in_transit_queue.cc(18)] Destroying nonempty message queue
